<?xml version="1.0" encoding="UTF-8"?>
<testsuite xmlns:xsi="http://www.w3.org/2001/XMLSchema-instance" xsi:noNamespaceSchemaLocation="https://maven.apache.org/surefire/maven-surefire-plugin/xsd/surefire-test-report-3.0.xsd" version="3.0" name="co.edu.javaeriana.biblioteca.repository.AuditoriaLibroRepositoryTest" time="6.719" tests="5" errors="0" skipped="0" failures="0">
  <properties>
[...]
</properties>
  <testcase name="testActualizarAuditoria" classname="co.edu.javaeriana.biblioteca.repository.AuditoriaLibroRepositoryTest" time="1.137">
    <system-out><![CDATA[13:41:42.339 [main] INFO org.springframework.test.context.support.AnnotationConfigContextLoaderUtils -- Could not detect default configuration classes for test class [co.edu.javaeriana.biblioteca.repository.AuditoriaLibroRepositoryTest]: AuditoriaLibroRepositoryTest does not declare any static, non-private, non-final, nested classes annotated with @Configuration.
13:41:42.495 [main] INFO org.springframework.boot.test.context.SpringBootTestContextBootstrapper -- Found @SpringBootConfiguration co.edu.javaeriana.biblioteca.BibliotecaApplication for test class co.edu.javaeriana.biblioteca.repository.AuditoriaLibroRepositoryTest

  .   ____          _            __ _ _
 /\\ / ___'_ __ _ _(_)_ __  __ _ \ \ \ \
( ( )\___ | '_ | '_| | '_ \/ _` | \ \ \ \
 \\/  ___)| |_)| | | | | || (_| |  ) ) ) )
  '  |____| .__|_| |_|_| |_\__, | / / / /
 =========|_|==============|___/=/_/_/_/

 :: Spring Boot ::                (v3.3.5)

2025-11-10T13:41:43.060-05:00  INFO 26548 --- [biblioteca] [           main] c.e.j.b.r.AuditoriaLibroRepositoryTest   : Starting AuditoriaLibroRepositoryTest using Java 17.0.16 with PID 26548 (started by usr in C:\Users\usr\Desktop\fundamentos\biblioteca-master12\biblioteca-master1\biblioteca-master)
2025-11-10T13:41:43.062-05:00  INFO 26548 --- [biblioteca] [           main] c.e.j.b.r.AuditoriaLibroRepositoryTest   : No active profile set, falling back to 1 default profile: "default"
2025-11-10T13:41:43.523-05:00  INFO 26548 --- [biblioteca] [           main] .s.d.r.c.RepositoryConfigurationDelegate : Bootstrapping Spring Data JPA repositories in DEFAULT mode.
2025-11-10T13:41:43.652-05:00  INFO 26548 --- [biblioteca] [           main] .s.d.r.c.RepositoryConfigurationDelegate : Finished Spring Data repository scanning in 115 ms. Found 14 JPA repository interfaces.
2025-11-10T13:41:43.843-05:00  INFO 26548 --- [biblioteca] [           main] beddedDataSourceBeanFactoryPostProcessor : Replacing 'dataSource' DataSource bean with embedded version
2025-11-10T13:41:44.136-05:00  INFO 26548 --- [biblioteca] [           main] o.s.j.d.e.EmbeddedDatabaseFactory        : Starting embedded database: url='jdbc:h2:mem:3f09ee34-7554-4647-a646-49c5f76baaa9;DB_CLOSE_DELAY=-1;DB_CLOSE_ON_EXIT=false', username='sa'
2025-11-10T13:41:44.519-05:00  INFO 26548 --- [biblioteca] [           main] o.hibernate.jpa.internal.util.LogHelper  : HHH000204: Processing PersistenceUnitInfo [name: default]
2025-11-10T13:41:44.597-05:00  INFO 26548 --- [biblioteca] [           main] org.hibernate.Version                    : HHH000412: Hibernate ORM core version 6.5.3.Final
2025-11-10T13:41:44.657-05:00  INFO 26548 --- [biblioteca] [           main] o.h.c.internal.RegionFactoryInitiator    : HHH000026: Second-level cache disabled
2025-11-10T13:41:45.060-05:00  INFO 26548 --- [biblioteca] [           main] o.s.o.j.p.SpringPersistenceUnitInfo      : No LoadTimeWeaver setup: ignoring JPA class transformer
2025-11-10T13:41:45.162-05:00  WARN 26548 --- [biblioteca] [           main] org.hibernate.orm.deprecation            : HHH90000025: H2Dialect does not need to be specified explicitly using 'hibernate.dialect' (remove the property setting and it will be selected by default)
2025-11-10T13:41:46.467-05:00  INFO 26548 --- [biblioteca] [           main] o.h.e.t.j.p.i.JtaPlatformInitiator       : HHH000489: No JTA platform available (set 'hibernate.transaction.jta.platform' to enable JTA platform integration)
2025-11-10T13:41:46.505-05:00 DEBUG 26548 --- [biblioteca] [           main] org.hibernate.SQL                        : drop table if exists auditoria_libro cascade 
Hibernate: drop table if exists auditoria_libro cascade 
2025-11-10T13:41:46.512-05:00 DEBUG 26548 --- [biblioteca] [           main] org.hibernate.SQL                        : drop table if exists auditoria_usuario cascade 
Hibernate: drop table if exists auditoria_usuario cascade 
2025-11-10T13:41:46.512-05:00 DEBUG 26548 --- [biblioteca] [           main] org.hibernate.SQL                        : drop table if exists categoria cascade 
Hibernate: drop table if exists categoria cascade 
2025-11-10T13:41:46.512-05:00 DEBUG 26548 --- [biblioteca] [           main] org.hibernate.SQL                        : drop table if exists configuracion cascade 
Hibernate: drop table if exists configuracion cascade 
2025-11-10T13:41:46.512-05:00 DEBUG 26548 --- [biblioteca] [           main] org.hibernate.SQL                        : drop table if exists estado_prestamo_catalogo cascade 
Hibernate: drop table if exists estado_prestamo_catalogo cascade 
2025-11-10T13:41:46.513-05:00 DEBUG 26548 --- [biblioteca] [           main] org.hibernate.SQL                        : drop table if exists estado_reserva_catalogo cascade 
Hibernate: drop table if exists estado_reserva_catalogo cascade 
2025-11-10T13:41:46.513-05:00 DEBUG 26548 --- [biblioteca] [           main] org.hibernate.SQL                        : drop table if exists estado_usuario_catalogo cascade 
Hibernate: drop table if exists estado_usuario_catalogo cascade 
2025-11-10T13:41:46.513-05:00 DEBUG 26548 --- [biblioteca] [           main] org.hibernate.SQL                        : drop table if exists libro cascade 
Hibernate: drop table if exists libro cascade 
2025-11-10T13:41:46.514-05:00 DEBUG 26548 --- [biblioteca] [           main] org.hibernate.SQL                        : drop table if exists pregunta_seguridad cascade 
Hibernate: drop table if exists pregunta_seguridad cascade 
2025-11-10T13:41:46.514-05:00 DEBUG 26548 --- [biblioteca] [           main] org.hibernate.SQL                        : drop table if exists prestamo cascade 
Hibernate: drop table if exists prestamo cascade 
2025-11-10T13:41:46.515-05:00 DEBUG 26548 --- [biblioteca] [           main] org.hibernate.SQL                        : drop table if exists reserva cascade 
Hibernate: drop table if exists reserva cascade 
2025-11-10T13:41:46.515-05:00 DEBUG 26548 --- [biblioteca] [           main] org.hibernate.SQL                        : drop table if exists tipo_usuario_catalogo cascade 
Hibernate: drop table if exists tipo_usuario_catalogo cascade 
2025-11-10T13:41:46.515-05:00 DEBUG 26548 --- [biblioteca] [           main] org.hibernate.SQL                        : drop table if exists usuario cascade 
Hibernate: drop table if exists usuario cascade 
2025-11-10T13:41:46.516-05:00 DEBUG 26548 --- [biblioteca] [           main] org.hibernate.SQL                        : drop table if exists usuario_respuesta cascade 
Hibernate: drop table if exists usuario_respuesta cascade 
2025-11-10T13:41:46.527-05:00 DEBUG 26548 --- [biblioteca] [           main] org.hibernate.SQL                        : create table auditoria_libro (id_auditoria_libro integer generated by default as identity, id_libro integer not null, id_usuario_admin integer not null, fecha_evento timestamp(6) not null, descripcion_cambio TEXT, primary key (id_auditoria_libro))
Hibernate: create table auditoria_libro (id_auditoria_libro integer generated by default as identity, id_libro integer not null, id_usuario_admin integer not null, fecha_evento timestamp(6) not null, descripcion_cambio TEXT, primary key (id_auditoria_libro))
2025-11-10T13:41:46.543-05:00 DEBUG 26548 --- [biblioteca] [           main] org.hibernate.SQL                        : create table auditoria_usuario (id_auditoria_usuario integer generated by default as identity, id_usuario_admin integer not null, id_usuario_afectado integer not null, fecha_evento timestamp(6) not null, descripcion varchar(255), tipo_accion varchar(255) not null, primary key (id_auditoria_usuario))
Hibernate: create table auditoria_usuario (id_auditoria_usuario integer generated by default as identity, id_usuario_admin integer not null, id_usuario_afectado integer not null, fecha_evento timestamp(6) not null, descripcion varchar(255), tipo_accion varchar(255) not null, primary key (id_auditoria_usuario))
2025-11-10T13:41:46.544-05:00 DEBUG 26548 --- [biblioteca] [           main] org.hibernate.SQL                        : create table categoria (id_categoria integer generated by default as identity, nombre varchar(100) not null unique, descripcion TEXT, primary key (id_categoria))
Hibernate: create table categoria (id_categoria integer generated by default as identity, nombre varchar(100) not null unique, descripcion TEXT, primary key (id_categoria))
2025-11-10T13:41:46.547-05:00 DEBUG 26548 --- [biblioteca] [           main] org.hibernate.SQL                        : create table configuracion (clave varchar(50) not null, valor varchar(100) not null, primary key (clave))
Hibernate: create table configuracion (clave varchar(50) not null, valor varchar(100) not null, primary key (clave))
2025-11-10T13:41:46.547-05:00 DEBUG 26548 --- [biblioteca] [           main] org.hibernate.SQL                        : create table estado_prestamo_catalogo (id_estado_prestamo integer generated by default as identity, nombre varchar(50) not null unique, primary key (id_estado_prestamo))
Hibernate: create table estado_prestamo_catalogo (id_estado_prestamo integer generated by default as identity, nombre varchar(50) not null unique, primary key (id_estado_prestamo))
2025-11-10T13:41:46.548-05:00 DEBUG 26548 --- [biblioteca] [           main] org.hibernate.SQL                        : create table estado_reserva_catalogo (id_estado_reserva integer generated by default as identity, nombre varchar(50) not null unique, primary key (id_estado_reserva))
Hibernate: create table estado_reserva_catalogo (id_estado_reserva integer generated by default as identity, nombre varchar(50) not null unique, primary key (id_estado_reserva))
2025-11-10T13:41:46.549-05:00 DEBUG 26548 --- [biblioteca] [           main] org.hibernate.SQL                        : create table estado_usuario_catalogo (id_estado_usuario integer generated by default as identity, nombre varchar(50) not null unique, primary key (id_estado_usuario))
Hibernate: create table estado_usuario_catalogo (id_estado_usuario integer generated by default as identity, nombre varchar(50) not null unique, primary key (id_estado_usuario))
2025-11-10T13:41:46.551-05:00 DEBUG 26548 --- [biblioteca] [           main] org.hibernate.SQL                        : create table libro (cantidad_disponible integer not null, cantidad_total integer not null, id_categoria integer not null, id_libro integer generated by default as identity, ano_publicacion varchar(10), isbn varchar(13) not null unique, autor varchar(60) not null, editorial varchar(60), titulo varchar(60) not null, portada_url varchar(512), descripcion TEXT, primary key (id_libro))
Hibernate: create table libro (cantidad_disponible integer not null, cantidad_total integer not null, id_categoria integer not null, id_libro integer generated by default as identity, ano_publicacion varchar(10), isbn varchar(13) not null unique, autor varchar(60) not null, editorial varchar(60), titulo varchar(60) not null, portada_url varchar(512), descripcion TEXT, primary key (id_libro))
2025-11-10T13:41:46.552-05:00 DEBUG 26548 --- [biblioteca] [           main] org.hibernate.SQL                        : create table pregunta_seguridad (id_pregunta integer generated by default as identity, texto_pregunta varchar(255) not null unique, primary key (id_pregunta))
Hibernate: create table pregunta_seguridad (id_pregunta integer generated by default as identity, texto_pregunta varchar(255) not null unique, primary key (id_pregunta))
2025-11-10T13:41:46.554-05:00 DEBUG 26548 --- [biblioteca] [           main] org.hibernate.SQL                        : create table prestamo (id_estado_prestamo integer not null, id_libro integer not null, id_prestamo integer generated by default as identity, id_usuario integer not null, fecha_devolucion_esperada timestamp(6) not null, fecha_devolucion_real timestamp(6), fecha_prestamo timestamp(6) not null, primary key (id_prestamo))
Hibernate: create table prestamo (id_estado_prestamo integer not null, id_libro integer not null, id_prestamo integer generated by default as identity, id_usuario integer not null, fecha_devolucion_esperada timestamp(6) not null, fecha_devolucion_real timestamp(6), fecha_prestamo timestamp(6) not null, primary key (id_prestamo))
2025-11-10T13:41:46.555-05:00 DEBUG 26548 --- [biblioteca] [           main] org.hibernate.SQL                        : create table reserva (id_estado_reserva integer not null, id_libro integer not null, id_reserva integer generated by default as identity, id_usuario integer not null, fecha_reserva timestamp(6) not null, primary key (id_reserva))
Hibernate: create table reserva (id_estado_reserva integer not null, id_libro integer not null, id_reserva integer generated by default as identity, id_usuario integer not null, fecha_reserva timestamp(6) not null, primary key (id_reserva))
2025-11-10T13:41:46.557-05:00 DEBUG 26548 --- [biblioteca] [           main] org.hibernate.SQL                        : create table tipo_usuario_catalogo (id_tipo_usuario integer generated by default as identity, nombre varchar(50) not null unique, primary key (id_tipo_usuario))
Hibernate: create table tipo_usuario_catalogo (id_tipo_usuario integer generated by default as identity, nombre varchar(50) not null unique, primary key (id_tipo_usuario))
2025-11-10T13:41:46.558-05:00 DEBUG 26548 --- [biblioteca] [           main] org.hibernate.SQL                        : create table usuario (id_estado_usuario integer not null, id_tipo_usuario integer not null, id_usuario integer generated by default as identity, intentos_fallidos integer not null, requiere_cambio_pass boolean not null, fecha_registro timestamp(6) not null, username varchar(100) not null unique, contrasena varchar(255) unique, email varchar(255) not null unique, nombre varchar(255) not null, primary key (id_usuario))
Hibernate: create table usuario (id_estado_usuario integer not null, id_tipo_usuario integer not null, id_usuario integer generated by default as identity, intentos_fallidos integer not null, requiere_cambio_pass boolean not null, fecha_registro timestamp(6) not null, username varchar(100) not null unique, contrasena varchar(255) unique, email varchar(255) not null unique, nombre varchar(255) not null, primary key (id_usuario))
2025-11-10T13:41:46.559-05:00 DEBUG 26548 --- [biblioteca] [           main] org.hibernate.SQL                        : create table usuario_respuesta (id_pregunta integer not null, id_respuesta integer generated by default as identity, id_usuario integer not null, respuesta varchar(255) not null, primary key (id_respuesta))
Hibernate: create table usuario_respuesta (id_pregunta integer not null, id_respuesta integer generated by default as identity, id_usuario integer not null, respuesta varchar(255) not null, primary key (id_respuesta))
2025-11-10T13:41:46.561-05:00 DEBUG 26548 --- [biblioteca] [           main] org.hibernate.SQL                        : alter table if exists auditoria_libro add constraint FKou3lu46g5wsnsr3mi1wua46je foreign key (id_libro) references libro
Hibernate: alter table if exists auditoria_libro add constraint FKou3lu46g5wsnsr3mi1wua46je foreign key (id_libro) references libro
2025-11-10T13:41:46.570-05:00 DEBUG 26548 --- [biblioteca] [           main] org.hibernate.SQL                        : alter table if exists auditoria_libro add constraint FKixbqefc5o9eq307kn6fqf3008 foreign key (id_usuario_admin) references usuario
Hibernate: alter table if exists auditoria_libro add constraint FKixbqefc5o9eq307kn6fqf3008 foreign key (id_usuario_admin) references usuario
2025-11-10T13:41:46.571-05:00 DEBUG 26548 --- [biblioteca] [           main] org.hibernate.SQL                        : alter table if exists auditoria_usuario add constraint FKb76i4g96chiyjiebi390g4bku foreign key (id_usuario_admin) references usuario
Hibernate: alter table if exists auditoria_usuario add constraint FKb76i4g96chiyjiebi390g4bku foreign key (id_usuario_admin) references usuario
2025-11-10T13:41:46.573-05:00 DEBUG 26548 --- [biblioteca] [           main] org.hibernate.SQL                        : alter table if exists auditoria_usuario add constraint FK68na64jrk7vb1diwih2ofxtml foreign key (id_usuario_afectado) references usuario
Hibernate: alter table if exists auditoria_usuario add constraint FK68na64jrk7vb1diwih2ofxtml foreign key (id_usuario_afectado) references usuario
2025-11-10T13:41:46.574-05:00 DEBUG 26548 --- [biblioteca] [           main] org.hibernate.SQL                        : alter table if exists libro add constraint FKj7xsmap3vmoyu7ly8wqe0red9 foreign key (id_categoria) references categoria
Hibernate: alter table if exists libro add constraint FKj7xsmap3vmoyu7ly8wqe0red9 foreign key (id_categoria) references categoria
2025-11-10T13:41:46.575-05:00 DEBUG 26548 --- [biblioteca] [           main] org.hibernate.SQL                        : alter table if exists prestamo add constraint FK4j7hlvek930ne83jo3atyfnsr foreign key (id_estado_prestamo) references estado_prestamo_catalogo
Hibernate: alter table if exists prestamo add constraint FK4j7hlvek930ne83jo3atyfnsr foreign key (id_estado_prestamo) references estado_prestamo_catalogo
2025-11-10T13:41:46.577-05:00 DEBUG 26548 --- [biblioteca] [           main] org.hibernate.SQL                        : alter table if exists prestamo add constraint FKqon25d8x23eac9lbngoqthf1i foreign key (id_libro) references libro
Hibernate: alter table if exists prestamo add constraint FKqon25d8x23eac9lbngoqthf1i foreign key (id_libro) references libro
2025-11-10T13:41:46.578-05:00 DEBUG 26548 --- [biblioteca] [           main] org.hibernate.SQL                        : alter table if exists prestamo add constraint FK5avf7s8x7uj7osdvn220wm79s foreign key (id_usuario) references usuario
Hibernate: alter table if exists prestamo add constraint FK5avf7s8x7uj7osdvn220wm79s foreign key (id_usuario) references usuario
2025-11-10T13:41:46.579-05:00 DEBUG 26548 --- [biblioteca] [           main] org.hibernate.SQL                        : alter table if exists reserva add constraint FKddmpq71mjfoie5qkcjrr2j296 foreign key (id_estado_reserva) references estado_reserva_catalogo
Hibernate: alter table if exists reserva add constraint FKddmpq71mjfoie5qkcjrr2j296 foreign key (id_estado_reserva) references estado_reserva_catalogo
2025-11-10T13:41:46.580-05:00 DEBUG 26548 --- [biblioteca] [           main] org.hibernate.SQL                        : alter table if exists reserva add constraint FKs0btp5fbwnoq9es29m9ndwpt3 foreign key (id_libro) references libro
Hibernate: alter table if exists reserva add constraint FKs0btp5fbwnoq9es29m9ndwpt3 foreign key (id_libro) references libro
2025-11-10T13:41:46.581-05:00 DEBUG 26548 --- [biblioteca] [           main] org.hibernate.SQL                        : alter table if exists reserva add constraint FKsbrwim47vm17adpuqj3dou9au foreign key (id_usuario) references usuario
Hibernate: alter table if exists reserva add constraint FKsbrwim47vm17adpuqj3dou9au foreign key (id_usuario) references usuario
2025-11-10T13:41:46.582-05:00 DEBUG 26548 --- [biblioteca] [           main] org.hibernate.SQL                        : alter table if exists usuario add constraint FKi0eeevjprqoo17em7sk8e3fd5 foreign key (id_estado_usuario) references estado_usuario_catalogo
Hibernate: alter table if exists usuario add constraint FKi0eeevjprqoo17em7sk8e3fd5 foreign key (id_estado_usuario) references estado_usuario_catalogo
2025-11-10T13:41:46.583-05:00 DEBUG 26548 --- [biblioteca] [           main] org.hibernate.SQL                        : alter table if exists usuario add constraint FKinhc4wvcso832gjl3hq1tq3j5 foreign key (id_tipo_usuario) references tipo_usuario_catalogo
Hibernate: alter table if exists usuario add constraint FKinhc4wvcso832gjl3hq1tq3j5 foreign key (id_tipo_usuario) references tipo_usuario_catalogo
2025-11-10T13:41:46.585-05:00 DEBUG 26548 --- [biblioteca] [           main] org.hibernate.SQL                        : alter table if exists usuario_respuesta add constraint FKagdnvdrldcf2xb1bdxhmrmpw5 foreign key (id_pregunta) references pregunta_seguridad
Hibernate: alter table if exists usuario_respuesta add constraint FKagdnvdrldcf2xb1bdxhmrmpw5 foreign key (id_pregunta) references pregunta_seguridad
2025-11-10T13:41:46.587-05:00 DEBUG 26548 --- [biblioteca] [           main] org.hibernate.SQL                        : alter table if exists usuario_respuesta add constraint FKkjdaaji8cy0tnexirm0p2luxg foreign key (id_usuario) references usuario
Hibernate: alter table if exists usuario_respuesta add constraint FKkjdaaji8cy0tnexirm0p2luxg foreign key (id_usuario) references usuario
2025-11-10T13:41:46.595-05:00  INFO 26548 --- [biblioteca] [           main] j.LocalContainerEntityManagerFactoryBean : Initialized JPA EntityManagerFactory for persistence unit 'default'
2025-11-10T13:41:47.372-05:00  INFO 26548 --- [biblioteca] [           main] c.e.j.b.r.AuditoriaLibroRepositoryTest   : Started AuditoriaLibroRepositoryTest in 4.764 seconds (process running for 5.974)
2025-11-10T13:41:48.171-05:00 DEBUG 26548 --- [biblioteca] [           main] org.hibernate.SQL                        : insert into categoria (descripcion,nombre,id_categoria) values (?,?,default)
Hibernate: insert into categoria (descripcion,nombre,id_categoria) values (?,?,default)
2025-11-10T13:41:48.277-05:00 DEBUG 26548 --- [biblioteca] [           main] org.hibernate.SQL                        : insert into libro (ano_publicacion,autor,cantidad_disponible,cantidad_total,id_categoria,descripcion,editorial,isbn,portada_url,titulo,id_libro) values (?,?,?,?,?,?,?,?,?,?,default)
Hibernate: insert into libro (ano_publicacion,autor,cantidad_disponible,cantidad_total,id_categoria,descripcion,editorial,isbn,portada_url,titulo,id_libro) values (?,?,?,?,?,?,?,?,?,?,default)
2025-11-10T13:41:48.278-05:00 DEBUG 26548 --- [biblioteca] [           main] org.hibernate.SQL                        : insert into estado_usuario_catalogo (nombre,id_estado_usuario) values (?,default)
Hibernate: insert into estado_usuario_catalogo (nombre,id_estado_usuario) values (?,default)
2025-11-10T13:41:48.334-05:00 DEBUG 26548 --- [biblioteca] [           main] org.hibernate.SQL                        : select euc1_0.id_estado_usuario,euc1_0.nombre from estado_usuario_catalogo euc1_0 where euc1_0.id_estado_usuario=?
Hibernate: select euc1_0.id_estado_usuario,euc1_0.nombre from estado_usuario_catalogo euc1_0 where euc1_0.id_estado_usuario=?
2025-11-10T13:41:48.338-05:00 DEBUG 26548 --- [biblioteca] [           main] org.hibernate.SQL                        : insert into tipo_usuario_catalogo (nombre,id_tipo_usuario) values (?,default)
Hibernate: insert into tipo_usuario_catalogo (nombre,id_tipo_usuario) values (?,default)
2025-11-10T13:41:48.339-05:00 DEBUG 26548 --- [biblioteca] [           main] org.hibernate.SQL                        : select tuc1_0.id_tipo_usuario,tuc1_0.nombre from tipo_usuario_catalogo tuc1_0 where tuc1_0.id_tipo_usuario=?
Hibernate: select tuc1_0.id_tipo_usuario,tuc1_0.nombre from tipo_usuario_catalogo tuc1_0 where tuc1_0.id_tipo_usuario=?
2025-11-10T13:41:48.340-05:00 DEBUG 26548 --- [biblioteca] [           main] org.hibernate.SQL                        : insert into usuario (contrasena,email,id_estado_usuario,fecha_registro,intentos_fallidos,nombre,requiere_cambio_pass,id_tipo_usuario,username,id_usuario) values (?,?,?,?,?,?,?,?,?,default)
Hibernate: insert into usuario (contrasena,email,id_estado_usuario,fecha_registro,intentos_fallidos,nombre,requiere_cambio_pass,id_tipo_usuario,username,id_usuario) values (?,?,?,?,?,?,?,?,?,default)
2025-11-10T13:41:48.348-05:00 DEBUG 26548 --- [biblioteca] [           main] org.hibernate.SQL                        : insert into auditoria_libro (descripcion_cambio,fecha_evento,id_libro,id_usuario_admin,id_auditoria_libro) values (?,?,?,?,default)
Hibernate: insert into auditoria_libro (descripcion_cambio,fecha_evento,id_libro,id_usuario_admin,id_auditoria_libro) values (?,?,?,?,default)
2025-11-10T13:41:48.356-05:00 DEBUG 26548 --- [biblioteca] [           main] org.hibernate.SQL                        : update auditoria_libro set descripcion_cambio=?,fecha_evento=?,id_libro=?,id_usuario_admin=? where id_auditoria_libro=?
Hibernate: update auditoria_libro set descripcion_cambio=?,fecha_evento=?,id_libro=?,id_usuario_admin=? where id_auditoria_libro=?
]]></system-out>
  </testcase>
  <testcase name="testBuscarPorId" classname="co.edu.javaeriana.biblioteca.repository.AuditoriaLibroRepositoryTest" time="0.02">
    <system-out><![CDATA[2025-11-10T13:41:48.534-05:00 DEBUG 26548 --- [biblioteca] [           main] org.hibernate.SQL                        : insert into categoria (descripcion,nombre,id_categoria) values (?,?,default)
Hibernate: insert into categoria (descripcion,nombre,id_categoria) values (?,?,default)
2025-11-10T13:41:48.536-05:00 DEBUG 26548 --- [biblioteca] [           main] org.hibernate.SQL                        : insert into libro (ano_publicacion,autor,cantidad_disponible,cantidad_total,id_categoria,descripcion,editorial,isbn,portada_url,titulo,id_libro) values (?,?,?,?,?,?,?,?,?,?,default)
Hibernate: insert into libro (ano_publicacion,autor,cantidad_disponible,cantidad_total,id_categoria,descripcion,editorial,isbn,portada_url,titulo,id_libro) values (?,?,?,?,?,?,?,?,?,?,default)
2025-11-10T13:41:48.537-05:00 DEBUG 26548 --- [biblioteca] [           main] org.hibernate.SQL                        : insert into estado_usuario_catalogo (nombre,id_estado_usuario) values (?,default)
Hibernate: insert into estado_usuario_catalogo (nombre,id_estado_usuario) values (?,default)
2025-11-10T13:41:48.538-05:00 DEBUG 26548 --- [biblioteca] [           main] org.hibernate.SQL                        : select euc1_0.id_estado_usuario,euc1_0.nombre from estado_usuario_catalogo euc1_0 where euc1_0.id_estado_usuario=?
Hibernate: select euc1_0.id_estado_usuario,euc1_0.nombre from estado_usuario_catalogo euc1_0 where euc1_0.id_estado_usuario=?
2025-11-10T13:41:48.539-05:00 DEBUG 26548 --- [biblioteca] [           main] org.hibernate.SQL                        : insert into tipo_usuario_catalogo (nombre,id_tipo_usuario) values (?,default)
Hibernate: insert into tipo_usuario_catalogo (nombre,id_tipo_usuario) values (?,default)
2025-11-10T13:41:48.540-05:00 DEBUG 26548 --- [biblioteca] [           main] org.hibernate.SQL                        : select tuc1_0.id_tipo_usuario,tuc1_0.nombre from tipo_usuario_catalogo tuc1_0 where tuc1_0.id_tipo_usuario=?
Hibernate: select tuc1_0.id_tipo_usuario,tuc1_0.nombre from tipo_usuario_catalogo tuc1_0 where tuc1_0.id_tipo_usuario=?
2025-11-10T13:41:48.541-05:00 DEBUG 26548 --- [biblioteca] [           main] org.hibernate.SQL                        : insert into usuario (contrasena,email,id_estado_usuario,fecha_registro,intentos_fallidos,nombre,requiere_cambio_pass,id_tipo_usuario,username,id_usuario) values (?,?,?,?,?,?,?,?,?,default)
Hibernate: insert into usuario (contrasena,email,id_estado_usuario,fecha_registro,intentos_fallidos,nombre,requiere_cambio_pass,id_tipo_usuario,username,id_usuario) values (?,?,?,?,?,?,?,?,?,default)
2025-11-10T13:41:48.544-05:00 DEBUG 26548 --- [biblioteca] [           main] org.hibernate.SQL                        : insert into auditoria_libro (descripcion_cambio,fecha_evento,id_libro,id_usuario_admin,id_auditoria_libro) values (?,?,?,?,default)
Hibernate: insert into auditoria_libro (descripcion_cambio,fecha_evento,id_libro,id_usuario_admin,id_auditoria_libro) values (?,?,?,?,default)
]]></system-out>
  </testcase>
  <testcase name="testEliminarAuditoria" classname="co.edu.javaeriana.biblioteca.repository.AuditoriaLibroRepositoryTest" time="0.034">
    <system-out><![CDATA[2025-11-10T13:41:48.558-05:00 DEBUG 26548 --- [biblioteca] [           main] org.hibernate.SQL                        : insert into categoria (descripcion,nombre,id_categoria) values (?,?,default)
Hibernate: insert into categoria (descripcion,nombre,id_categoria) values (?,?,default)
2025-11-10T13:41:48.560-05:00 DEBUG 26548 --- [biblioteca] [           main] org.hibernate.SQL                        : insert into libro (ano_publicacion,autor,cantidad_disponible,cantidad_total,id_categoria,descripcion,editorial,isbn,portada_url,titulo,id_libro) values (?,?,?,?,?,?,?,?,?,?,default)
Hibernate: insert into libro (ano_publicacion,autor,cantidad_disponible,cantidad_total,id_categoria,descripcion,editorial,isbn,portada_url,titulo,id_libro) values (?,?,?,?,?,?,?,?,?,?,default)
2025-11-10T13:41:48.562-05:00 DEBUG 26548 --- [biblioteca] [           main] org.hibernate.SQL                        : insert into estado_usuario_catalogo (nombre,id_estado_usuario) values (?,default)
Hibernate: insert into estado_usuario_catalogo (nombre,id_estado_usuario) values (?,default)
2025-11-10T13:41:48.564-05:00 DEBUG 26548 --- [biblioteca] [           main] org.hibernate.SQL                        : select euc1_0.id_estado_usuario,euc1_0.nombre from estado_usuario_catalogo euc1_0 where euc1_0.id_estado_usuario=?
Hibernate: select euc1_0.id_estado_usuario,euc1_0.nombre from estado_usuario_catalogo euc1_0 where euc1_0.id_estado_usuario=?
2025-11-10T13:41:48.565-05:00 DEBUG 26548 --- [biblioteca] [           main] org.hibernate.SQL                        : insert into tipo_usuario_catalogo (nombre,id_tipo_usuario) values (?,default)
Hibernate: insert into tipo_usuario_catalogo (nombre,id_tipo_usuario) values (?,default)
2025-11-10T13:41:48.566-05:00 DEBUG 26548 --- [biblioteca] [           main] org.hibernate.SQL                        : select tuc1_0.id_tipo_usuario,tuc1_0.nombre from tipo_usuario_catalogo tuc1_0 where tuc1_0.id_tipo_usuario=?
Hibernate: select tuc1_0.id_tipo_usuario,tuc1_0.nombre from tipo_usuario_catalogo tuc1_0 where tuc1_0.id_tipo_usuario=?
2025-11-10T13:41:48.568-05:00 DEBUG 26548 --- [biblioteca] [           main] org.hibernate.SQL                        : insert into usuario (contrasena,email,id_estado_usuario,fecha_registro,intentos_fallidos,nombre,requiere_cambio_pass,id_tipo_usuario,username,id_usuario) values (?,?,?,?,?,?,?,?,?,default)
Hibernate: insert into usuario (contrasena,email,id_estado_usuario,fecha_registro,intentos_fallidos,nombre,requiere_cambio_pass,id_tipo_usuario,username,id_usuario) values (?,?,?,?,?,?,?,?,?,default)
2025-11-10T13:41:48.570-05:00 DEBUG 26548 --- [biblioteca] [           main] org.hibernate.SQL                        : insert into auditoria_libro (descripcion_cambio,fecha_evento,id_libro,id_usuario_admin,id_auditoria_libro) values (?,?,?,?,default)
Hibernate: insert into auditoria_libro (descripcion_cambio,fecha_evento,id_libro,id_usuario_admin,id_auditoria_libro) values (?,?,?,?,default)
2025-11-10T13:41:48.582-05:00 DEBUG 26548 --- [biblioteca] [           main] org.hibernate.SQL                        : delete from auditoria_libro where id_auditoria_libro=?
Hibernate: delete from auditoria_libro where id_auditoria_libro=?
2025-11-10T13:41:48.584-05:00 DEBUG 26548 --- [biblioteca] [           main] org.hibernate.SQL                        : select al1_0.id_auditoria_libro,al1_0.descripcion_cambio,al1_0.fecha_evento,al1_0.id_libro,al1_0.id_usuario_admin from auditoria_libro al1_0 where al1_0.id_auditoria_libro=?
Hibernate: select al1_0.id_auditoria_libro,al1_0.descripcion_cambio,al1_0.fecha_evento,al1_0.id_libro,al1_0.id_usuario_admin from auditoria_libro al1_0 where al1_0.id_auditoria_libro=?
]]></system-out>
  </testcase>
  <testcase name="testListarAuditorias" classname="co.edu.javaeriana.biblioteca.repository.AuditoriaLibroRepositoryTest" time="0.188">
    <system-out><![CDATA[2025-11-10T13:41:48.594-05:00 DEBUG 26548 --- [biblioteca] [           main] org.hibernate.SQL                        : insert into categoria (descripcion,nombre,id_categoria) values (?,?,default)
Hibernate: insert into categoria (descripcion,nombre,id_categoria) values (?,?,default)
2025-11-10T13:41:48.596-05:00 DEBUG 26548 --- [biblioteca] [           main] org.hibernate.SQL                        : insert into libro (ano_publicacion,autor,cantidad_disponible,cantidad_total,id_categoria,descripcion,editorial,isbn,portada_url,titulo,id_libro) values (?,?,?,?,?,?,?,?,?,?,default)
Hibernate: insert into libro (ano_publicacion,autor,cantidad_disponible,cantidad_total,id_categoria,descripcion,editorial,isbn,portada_url,titulo,id_libro) values (?,?,?,?,?,?,?,?,?,?,default)
2025-11-10T13:41:48.598-05:00 DEBUG 26548 --- [biblioteca] [           main] org.hibernate.SQL                        : insert into estado_usuario_catalogo (nombre,id_estado_usuario) values (?,default)
Hibernate: insert into estado_usuario_catalogo (nombre,id_estado_usuario) values (?,default)
2025-11-10T13:41:48.599-05:00 DEBUG 26548 --- [biblioteca] [           main] org.hibernate.SQL                        : select euc1_0.id_estado_usuario,euc1_0.nombre from estado_usuario_catalogo euc1_0 where euc1_0.id_estado_usuario=?
Hibernate: select euc1_0.id_estado_usuario,euc1_0.nombre from estado_usuario_catalogo euc1_0 where euc1_0.id_estado_usuario=?
2025-11-10T13:41:48.600-05:00 DEBUG 26548 --- [biblioteca] [           main] org.hibernate.SQL                        : insert into tipo_usuario_catalogo (nombre,id_tipo_usuario) values (?,default)
Hibernate: insert into tipo_usuario_catalogo (nombre,id_tipo_usuario) values (?,default)
2025-11-10T13:41:48.602-05:00 DEBUG 26548 --- [biblioteca] [           main] org.hibernate.SQL                        : select tuc1_0.id_tipo_usuario,tuc1_0.nombre from tipo_usuario_catalogo tuc1_0 where tuc1_0.id_tipo_usuario=?
Hibernate: select tuc1_0.id_tipo_usuario,tuc1_0.nombre from tipo_usuario_catalogo tuc1_0 where tuc1_0.id_tipo_usuario=?
2025-11-10T13:41:48.603-05:00 DEBUG 26548 --- [biblioteca] [           main] org.hibernate.SQL                        : insert into usuario (contrasena,email,id_estado_usuario,fecha_registro,intentos_fallidos,nombre,requiere_cambio_pass,id_tipo_usuario,username,id_usuario) values (?,?,?,?,?,?,?,?,?,default)
Hibernate: insert into usuario (contrasena,email,id_estado_usuario,fecha_registro,intentos_fallidos,nombre,requiere_cambio_pass,id_tipo_usuario,username,id_usuario) values (?,?,?,?,?,?,?,?,?,default)
2025-11-10T13:41:48.609-05:00 DEBUG 26548 --- [biblioteca] [           main] org.hibernate.SQL                        : insert into auditoria_libro (descripcion_cambio,fecha_evento,id_libro,id_usuario_admin,id_auditoria_libro) values (?,?,?,?,default)
Hibernate: insert into auditoria_libro (descripcion_cambio,fecha_evento,id_libro,id_usuario_admin,id_auditoria_libro) values (?,?,?,?,default)
2025-11-10T13:41:48.611-05:00 DEBUG 26548 --- [biblioteca] [           main] org.hibernate.SQL                        : insert into auditoria_libro (descripcion_cambio,fecha_evento,id_libro,id_usuario_admin,id_auditoria_libro) values (?,?,?,?,default)
Hibernate: insert into auditoria_libro (descripcion_cambio,fecha_evento,id_libro,id_usuario_admin,id_auditoria_libro) values (?,?,?,?,default)
2025-11-10T13:41:48.754-05:00 DEBUG 26548 --- [biblioteca] [           main] org.hibernate.SQL                        : select al1_0.id_auditoria_libro,al1_0.descripcion_cambio,al1_0.fecha_evento,al1_0.id_libro,al1_0.id_usuario_admin from auditoria_libro al1_0
Hibernate: select al1_0.id_auditoria_libro,al1_0.descripcion_cambio,al1_0.fecha_evento,al1_0.id_libro,al1_0.id_usuario_admin from auditoria_libro al1_0
]]></system-out>
  </testcase>
  <testcase name="testGuardarAuditoriaLibro" classname="co.edu.javaeriana.biblioteca.repository.AuditoriaLibroRepositoryTest" time="0.038">
    <system-out><![CDATA[2025-11-10T13:41:48.784-05:00 DEBUG 26548 --- [biblioteca] [           main] org.hibernate.SQL                        : insert into categoria (descripcion,nombre,id_categoria) values (?,?,default)
Hibernate: insert into categoria (descripcion,nombre,id_categoria) values (?,?,default)
2025-11-10T13:41:48.788-05:00 DEBUG 26548 --- [biblioteca] [           main] org.hibernate.SQL                        : insert into libro (ano_publicacion,autor,cantidad_disponible,cantidad_total,id_categoria,descripcion,editorial,isbn,portada_url,titulo,id_libro) values (?,?,?,?,?,?,?,?,?,?,default)
Hibernate: insert into libro (ano_publicacion,autor,cantidad_disponible,cantidad_total,id_categoria,descripcion,editorial,isbn,portada_url,titulo,id_libro) values (?,?,?,?,?,?,?,?,?,?,default)
2025-11-10T13:41:48.790-05:00 DEBUG 26548 --- [biblioteca] [           main] org.hibernate.SQL                        : insert into estado_usuario_catalogo (nombre,id_estado_usuario) values (?,default)
Hibernate: insert into estado_usuario_catalogo (nombre,id_estado_usuario) values (?,default)
2025-11-10T13:41:48.791-05:00 DEBUG 26548 --- [biblioteca] [           main] org.hibernate.SQL                        : select euc1_0.id_estado_usuario,euc1_0.nombre from estado_usuario_catalogo euc1_0 where euc1_0.id_estado_usuario=?
Hibernate: select euc1_0.id_estado_usuario,euc1_0.nombre from estado_usuario_catalogo euc1_0 where euc1_0.id_estado_usuario=?
2025-11-10T13:41:48.793-05:00 DEBUG 26548 --- [biblioteca] [           main] org.hibernate.SQL                        : insert into tipo_usuario_catalogo (nombre,id_tipo_usuario) values (?,default)
Hibernate: insert into tipo_usuario_catalogo (nombre,id_tipo_usuario) values (?,default)
2025-11-10T13:41:48.794-05:00 DEBUG 26548 --- [biblioteca] [           main] org.hibernate.SQL                        : select tuc1_0.id_tipo_usuario,tuc1_0.nombre from tipo_usuario_catalogo tuc1_0 where tuc1_0.id_tipo_usuario=?
Hibernate: select tuc1_0.id_tipo_usuario,tuc1_0.nombre from tipo_usuario_catalogo tuc1_0 where tuc1_0.id_tipo_usuario=?
2025-11-10T13:41:48.795-05:00 DEBUG 26548 --- [biblioteca] [           main] org.hibernate.SQL                        : insert into usuario (contrasena,email,id_estado_usuario,fecha_registro,intentos_fallidos,nombre,requiere_cambio_pass,id_tipo_usuario,username,id_usuario) values (?,?,?,?,?,?,?,?,?,default)
Hibernate: insert into usuario (contrasena,email,id_estado_usuario,fecha_registro,intentos_fallidos,nombre,requiere_cambio_pass,id_tipo_usuario,username,id_usuario) values (?,?,?,?,?,?,?,?,?,default)
2025-11-10T13:41:48.798-05:00 DEBUG 26548 --- [biblioteca] [           main] org.hibernate.SQL                        : insert into auditoria_libro (descripcion_cambio,fecha_evento,id_libro,id_usuario_admin,id_auditoria_libro) values (?,?,?,?,default)
Hibernate: insert into auditoria_libro (descripcion_cambio,fecha_evento,id_libro,id_usuario_admin,id_auditoria_libro) values (?,?,?,?,default)
]]></system-out>
  </testcase>
</testsuite>