<?xml version="1.0" encoding="UTF-8"?>
<testsuite xmlns:xsi="http://www.w3.org/2001/XMLSchema-instance" xsi:noNamespaceSchemaLocation="https://maven.apache.org/surefire/maven-surefire-plugin/xsd/surefire-test-report-3.0.xsd" version="3.0" name="co.edu.javaeriana.biblioteca.CategoriaRepositoryTest" time="12.21" tests="4" errors="0" skipped="0" failures="0">
  <properties>
[...]
</properties>
  <testcase name="testEliminarCategoria" classname="co.edu.javaeriana.biblioteca.CategoriaRepositoryTest" time="1.249">
    <system-out><![CDATA[12:12:15.638 [main] INFO org.springframework.test.context.support.AnnotationConfigContextLoaderUtils -- Could not detect default configuration classes for test class [co.edu.javaeriana.biblioteca.CategoriaRepositoryTest]: CategoriaRepositoryTest does not declare any static, non-private, non-final, nested classes annotated with @Configuration.
12:12:15.965 [main] INFO org.springframework.boot.test.context.SpringBootTestContextBootstrapper -- Found @SpringBootConfiguration co.edu.javaeriana.biblioteca.BibliotecaApplication for test class co.edu.javaeriana.biblioteca.CategoriaRepositoryTest

  .   ____          _            __ _ _
 /\\ / ___'_ __ _ _(_)_ __  __ _ \ \ \ \
( ( )\___ | '_ | '_| | '_ \/ _` | \ \ \ \
 \\/  ___)| |_)| | | | | || (_| |  ) ) ) )
  '  |____| .__|_| |_|_| |_\__, | / / / /
 =========|_|==============|___/=/_/_/_/

 :: Spring Boot ::                (v3.3.5)

2025-11-10T12:12:17.317-05:00  INFO 15300 --- [biblioteca] [           main] c.e.j.b.CategoriaRepositoryTest          : Starting CategoriaRepositoryTest using Java 17.0.16 with PID 15300 (started by usr in C:\Users\usr\Desktop\fundamentos\biblioteca-master12\biblioteca-master1\biblioteca-master)
2025-11-10T12:12:17.320-05:00  INFO 15300 --- [biblioteca] [           main] c.e.j.b.CategoriaRepositoryTest          : No active profile set, falling back to 1 default profile: "default"
2025-11-10T12:12:18.243-05:00  INFO 15300 --- [biblioteca] [           main] .s.d.r.c.RepositoryConfigurationDelegate : Bootstrapping Spring Data JPA repositories in DEFAULT mode.
2025-11-10T12:12:18.465-05:00  INFO 15300 --- [biblioteca] [           main] .s.d.r.c.RepositoryConfigurationDelegate : Finished Spring Data repository scanning in 198 ms. Found 14 JPA repository interfaces.
2025-11-10T12:12:18.777-05:00  INFO 15300 --- [biblioteca] [           main] beddedDataSourceBeanFactoryPostProcessor : Replacing 'dataSource' DataSource bean with embedded version
2025-11-10T12:12:19.370-05:00  INFO 15300 --- [biblioteca] [           main] o.s.j.d.e.EmbeddedDatabaseFactory        : Starting embedded database: url='jdbc:h2:mem:478c3d6f-5b6b-4cfc-a644-41a3a9cab87f;DB_CLOSE_DELAY=-1;DB_CLOSE_ON_EXIT=false', username='sa'
2025-11-10T12:12:20.224-05:00  INFO 15300 --- [biblioteca] [           main] o.hibernate.jpa.internal.util.LogHelper  : HHH000204: Processing PersistenceUnitInfo [name: default]
2025-11-10T12:12:20.386-05:00  INFO 15300 --- [biblioteca] [           main] org.hibernate.Version                    : HHH000412: Hibernate ORM core version 6.5.3.Final
2025-11-10T12:12:20.472-05:00  INFO 15300 --- [biblioteca] [           main] o.h.c.internal.RegionFactoryInitiator    : HHH000026: Second-level cache disabled
2025-11-10T12:12:21.306-05:00  INFO 15300 --- [biblioteca] [           main] o.s.o.j.p.SpringPersistenceUnitInfo      : No LoadTimeWeaver setup: ignoring JPA class transformer
2025-11-10T12:12:21.455-05:00  WARN 15300 --- [biblioteca] [           main] org.hibernate.orm.deprecation            : HHH90000025: H2Dialect does not need to be specified explicitly using 'hibernate.dialect' (remove the property setting and it will be selected by default)
2025-11-10T12:12:24.438-05:00  INFO 15300 --- [biblioteca] [           main] o.h.e.t.j.p.i.JtaPlatformInitiator       : HHH000489: No JTA platform available (set 'hibernate.transaction.jta.platform' to enable JTA platform integration)
2025-11-10T12:12:24.477-05:00 DEBUG 15300 --- [biblioteca] [           main] org.hibernate.SQL                        : drop table if exists auditoria_libro cascade 
Hibernate: drop table if exists auditoria_libro cascade 
2025-11-10T12:12:24.486-05:00 DEBUG 15300 --- [biblioteca] [           main] org.hibernate.SQL                        : drop table if exists auditoria_usuario cascade 
Hibernate: drop table if exists auditoria_usuario cascade 
2025-11-10T12:12:24.487-05:00 DEBUG 15300 --- [biblioteca] [           main] org.hibernate.SQL                        : drop table if exists categoria cascade 
Hibernate: drop table if exists categoria cascade 
2025-11-10T12:12:24.487-05:00 DEBUG 15300 --- [biblioteca] [           main] org.hibernate.SQL                        : drop table if exists configuracion cascade 
Hibernate: drop table if exists configuracion cascade 
2025-11-10T12:12:24.488-05:00 DEBUG 15300 --- [biblioteca] [           main] org.hibernate.SQL                        : drop table if exists estado_prestamo_catalogo cascade 
Hibernate: drop table if exists estado_prestamo_catalogo cascade 
2025-11-10T12:12:24.488-05:00 DEBUG 15300 --- [biblioteca] [           main] org.hibernate.SQL                        : drop table if exists estado_reserva_catalogo cascade 
Hibernate: drop table if exists estado_reserva_catalogo cascade 
2025-11-10T12:12:24.489-05:00 DEBUG 15300 --- [biblioteca] [           main] org.hibernate.SQL                        : drop table if exists estado_usuario_catalogo cascade 
Hibernate: drop table if exists estado_usuario_catalogo cascade 
2025-11-10T12:12:24.489-05:00 DEBUG 15300 --- [biblioteca] [           main] org.hibernate.SQL                        : drop table if exists libro cascade 
Hibernate: drop table if exists libro cascade 
2025-11-10T12:12:24.490-05:00 DEBUG 15300 --- [biblioteca] [           main] org.hibernate.SQL                        : drop table if exists pregunta_seguridad cascade 
Hibernate: drop table if exists pregunta_seguridad cascade 
2025-11-10T12:12:24.490-05:00 DEBUG 15300 --- [biblioteca] [           main] org.hibernate.SQL                        : drop table if exists prestamo cascade 
Hibernate: drop table if exists prestamo cascade 
2025-11-10T12:12:24.491-05:00 DEBUG 15300 --- [biblioteca] [           main] org.hibernate.SQL                        : drop table if exists reserva cascade 
Hibernate: drop table if exists reserva cascade 
2025-11-10T12:12:24.492-05:00 DEBUG 15300 --- [biblioteca] [           main] org.hibernate.SQL                        : drop table if exists tipo_usuario_catalogo cascade 
Hibernate: drop table if exists tipo_usuario_catalogo cascade 
2025-11-10T12:12:24.493-05:00 DEBUG 15300 --- [biblioteca] [           main] org.hibernate.SQL                        : drop table if exists usuario cascade 
Hibernate: drop table if exists usuario cascade 
2025-11-10T12:12:24.493-05:00 DEBUG 15300 --- [biblioteca] [           main] org.hibernate.SQL                        : drop table if exists usuario_respuesta cascade 
Hibernate: drop table if exists usuario_respuesta cascade 
2025-11-10T12:12:24.511-05:00 DEBUG 15300 --- [biblioteca] [           main] org.hibernate.SQL                        : create table auditoria_libro (id_auditoria_libro integer generated by default as identity, id_libro integer not null, id_usuario_admin integer not null, fecha_evento timestamp(6) not null, descripcion_cambio TEXT, primary key (id_auditoria_libro))
Hibernate: create table auditoria_libro (id_auditoria_libro integer generated by default as identity, id_libro integer not null, id_usuario_admin integer not null, fecha_evento timestamp(6) not null, descripcion_cambio TEXT, primary key (id_auditoria_libro))
2025-11-10T12:12:24.555-05:00 DEBUG 15300 --- [biblioteca] [           main] org.hibernate.SQL                        : create table auditoria_usuario (id_auditoria_usuario integer generated by default as identity, id_usuario_admin integer not null, id_usuario_afectado integer not null, fecha_evento timestamp(6) not null, descripcion varchar(255), tipo_accion varchar(255) not null, primary key (id_auditoria_usuario))
Hibernate: create table auditoria_usuario (id_auditoria_usuario integer generated by default as identity, id_usuario_admin integer not null, id_usuario_afectado integer not null, fecha_evento timestamp(6) not null, descripcion varchar(255), tipo_accion varchar(255) not null, primary key (id_auditoria_usuario))
2025-11-10T12:12:24.562-05:00 DEBUG 15300 --- [biblioteca] [           main] org.hibernate.SQL                        : create table categoria (id_categoria integer generated by default as identity, nombre varchar(100) not null unique, descripcion TEXT, primary key (id_categoria))
Hibernate: create table categoria (id_categoria integer generated by default as identity, nombre varchar(100) not null unique, descripcion TEXT, primary key (id_categoria))
2025-11-10T12:12:24.568-05:00 DEBUG 15300 --- [biblioteca] [           main] org.hibernate.SQL                        : create table configuracion (clave varchar(50) not null, valor varchar(100) not null, primary key (clave))
Hibernate: create table configuracion (clave varchar(50) not null, valor varchar(100) not null, primary key (clave))
2025-11-10T12:12:24.570-05:00 DEBUG 15300 --- [biblioteca] [           main] org.hibernate.SQL                        : create table estado_prestamo_catalogo (id_estado_prestamo integer generated by default as identity, nombre varchar(50) not null unique, primary key (id_estado_prestamo))
Hibernate: create table estado_prestamo_catalogo (id_estado_prestamo integer generated by default as identity, nombre varchar(50) not null unique, primary key (id_estado_prestamo))
2025-11-10T12:12:24.575-05:00 DEBUG 15300 --- [biblioteca] [           main] org.hibernate.SQL                        : create table estado_reserva_catalogo (id_estado_reserva integer generated by default as identity, nombre varchar(50) not null unique, primary key (id_estado_reserva))
Hibernate: create table estado_reserva_catalogo (id_estado_reserva integer generated by default as identity, nombre varchar(50) not null unique, primary key (id_estado_reserva))
2025-11-10T12:12:24.578-05:00 DEBUG 15300 --- [biblioteca] [           main] org.hibernate.SQL                        : create table estado_usuario_catalogo (id_estado_usuario integer generated by default as identity, nombre varchar(50) not null unique, primary key (id_estado_usuario))
Hibernate: create table estado_usuario_catalogo (id_estado_usuario integer generated by default as identity, nombre varchar(50) not null unique, primary key (id_estado_usuario))
2025-11-10T12:12:24.582-05:00 DEBUG 15300 --- [biblioteca] [           main] org.hibernate.SQL                        : create table libro (cantidad_disponible integer not null, cantidad_total integer not null, id_categoria integer not null, id_libro integer generated by default as identity, ano_publicacion varchar(10), isbn varchar(13) not null unique, autor varchar(60) not null, editorial varchar(60), titulo varchar(60) not null, portada_url varchar(512), descripcion TEXT, primary key (id_libro))
Hibernate: create table libro (cantidad_disponible integer not null, cantidad_total integer not null, id_categoria integer not null, id_libro integer generated by default as identity, ano_publicacion varchar(10), isbn varchar(13) not null unique, autor varchar(60) not null, editorial varchar(60), titulo varchar(60) not null, portada_url varchar(512), descripcion TEXT, primary key (id_libro))
2025-11-10T12:12:24.595-05:00 DEBUG 15300 --- [biblioteca] [           main] org.hibernate.SQL                        : create table pregunta_seguridad (id_pregunta integer generated by default as identity, texto_pregunta varchar(255) not null unique, primary key (id_pregunta))
Hibernate: create table pregunta_seguridad (id_pregunta integer generated by default as identity, texto_pregunta varchar(255) not null unique, primary key (id_pregunta))
2025-11-10T12:12:24.602-05:00 DEBUG 15300 --- [biblioteca] [           main] org.hibernate.SQL                        : create table prestamo (id_estado_prestamo integer not null, id_libro integer not null, id_prestamo integer generated by default as identity, id_usuario integer not null, fecha_devolucion_esperada timestamp(6) not null, fecha_devolucion_real timestamp(6), fecha_prestamo timestamp(6) not null, primary key (id_prestamo))
Hibernate: create table prestamo (id_estado_prestamo integer not null, id_libro integer not null, id_prestamo integer generated by default as identity, id_usuario integer not null, fecha_devolucion_esperada timestamp(6) not null, fecha_devolucion_real timestamp(6), fecha_prestamo timestamp(6) not null, primary key (id_prestamo))
2025-11-10T12:12:24.606-05:00 DEBUG 15300 --- [biblioteca] [           main] org.hibernate.SQL                        : create table reserva (id_estado_reserva integer not null, id_libro integer not null, id_reserva integer generated by default as identity, id_usuario integer not null, fecha_reserva timestamp(6) not null, primary key (id_reserva))
Hibernate: create table reserva (id_estado_reserva integer not null, id_libro integer not null, id_reserva integer generated by default as identity, id_usuario integer not null, fecha_reserva timestamp(6) not null, primary key (id_reserva))
2025-11-10T12:12:24.609-05:00 DEBUG 15300 --- [biblioteca] [           main] org.hibernate.SQL                        : create table tipo_usuario_catalogo (id_tipo_usuario integer generated by default as identity, nombre varchar(50) not null unique, primary key (id_tipo_usuario))
Hibernate: create table tipo_usuario_catalogo (id_tipo_usuario integer generated by default as identity, nombre varchar(50) not null unique, primary key (id_tipo_usuario))
2025-11-10T12:12:24.612-05:00 DEBUG 15300 --- [biblioteca] [           main] org.hibernate.SQL                        : create table usuario (id_estado_usuario integer not null, id_tipo_usuario integer not null, id_usuario integer generated by default as identity, intentos_fallidos integer not null, requiere_cambio_pass boolean not null, fecha_registro timestamp(6) not null, username varchar(100) not null unique, contrasena varchar(255) unique, email varchar(255) not null unique, nombre varchar(255) not null, primary key (id_usuario))
Hibernate: create table usuario (id_estado_usuario integer not null, id_tipo_usuario integer not null, id_usuario integer generated by default as identity, intentos_fallidos integer not null, requiere_cambio_pass boolean not null, fecha_registro timestamp(6) not null, username varchar(100) not null unique, contrasena varchar(255) unique, email varchar(255) not null unique, nombre varchar(255) not null, primary key (id_usuario))
2025-11-10T12:12:24.618-05:00 DEBUG 15300 --- [biblioteca] [           main] org.hibernate.SQL                        : create table usuario_respuesta (id_pregunta integer not null, id_respuesta integer generated by default as identity, id_usuario integer not null, respuesta varchar(255) not null, primary key (id_respuesta))
Hibernate: create table usuario_respuesta (id_pregunta integer not null, id_respuesta integer generated by default as identity, id_usuario integer not null, respuesta varchar(255) not null, primary key (id_respuesta))
2025-11-10T12:12:24.621-05:00 DEBUG 15300 --- [biblioteca] [           main] org.hibernate.SQL                        : alter table if exists auditoria_libro add constraint FKou3lu46g5wsnsr3mi1wua46je foreign key (id_libro) references libro
Hibernate: alter table if exists auditoria_libro add constraint FKou3lu46g5wsnsr3mi1wua46je foreign key (id_libro) references libro
2025-11-10T12:12:24.669-05:00 DEBUG 15300 --- [biblioteca] [           main] org.hibernate.SQL                        : alter table if exists auditoria_libro add constraint FKixbqefc5o9eq307kn6fqf3008 foreign key (id_usuario_admin) references usuario
Hibernate: alter table if exists auditoria_libro add constraint FKixbqefc5o9eq307kn6fqf3008 foreign key (id_usuario_admin) references usuario
2025-11-10T12:12:24.672-05:00 DEBUG 15300 --- [biblioteca] [           main] org.hibernate.SQL                        : alter table if exists auditoria_usuario add constraint FKb76i4g96chiyjiebi390g4bku foreign key (id_usuario_admin) references usuario
Hibernate: alter table if exists auditoria_usuario add constraint FKb76i4g96chiyjiebi390g4bku foreign key (id_usuario_admin) references usuario
2025-11-10T12:12:24.675-05:00 DEBUG 15300 --- [biblioteca] [           main] org.hibernate.SQL                        : alter table if exists auditoria_usuario add constraint FK68na64jrk7vb1diwih2ofxtml foreign key (id_usuario_afectado) references usuario
Hibernate: alter table if exists auditoria_usuario add constraint FK68na64jrk7vb1diwih2ofxtml foreign key (id_usuario_afectado) references usuario
2025-11-10T12:12:24.678-05:00 DEBUG 15300 --- [biblioteca] [           main] org.hibernate.SQL                        : alter table if exists libro add constraint FKj7xsmap3vmoyu7ly8wqe0red9 foreign key (id_categoria) references categoria
Hibernate: alter table if exists libro add constraint FKj7xsmap3vmoyu7ly8wqe0red9 foreign key (id_categoria) references categoria
2025-11-10T12:12:24.681-05:00 DEBUG 15300 --- [biblioteca] [           main] org.hibernate.SQL                        : alter table if exists prestamo add constraint FK4j7hlvek930ne83jo3atyfnsr foreign key (id_estado_prestamo) references estado_prestamo_catalogo
Hibernate: alter table if exists prestamo add constraint FK4j7hlvek930ne83jo3atyfnsr foreign key (id_estado_prestamo) references estado_prestamo_catalogo
2025-11-10T12:12:24.687-05:00 DEBUG 15300 --- [biblioteca] [           main] org.hibernate.SQL                        : alter table if exists prestamo add constraint FKqon25d8x23eac9lbngoqthf1i foreign key (id_libro) references libro
Hibernate: alter table if exists prestamo add constraint FKqon25d8x23eac9lbngoqthf1i foreign key (id_libro) references libro
2025-11-10T12:12:24.692-05:00 DEBUG 15300 --- [biblioteca] [           main] org.hibernate.SQL                        : alter table if exists prestamo add constraint FK5avf7s8x7uj7osdvn220wm79s foreign key (id_usuario) references usuario
Hibernate: alter table if exists prestamo add constraint FK5avf7s8x7uj7osdvn220wm79s foreign key (id_usuario) references usuario
2025-11-10T12:12:24.695-05:00 DEBUG 15300 --- [biblioteca] [           main] org.hibernate.SQL                        : alter table if exists reserva add constraint FKddmpq71mjfoie5qkcjrr2j296 foreign key (id_estado_reserva) references estado_reserva_catalogo
Hibernate: alter table if exists reserva add constraint FKddmpq71mjfoie5qkcjrr2j296 foreign key (id_estado_reserva) references estado_reserva_catalogo
2025-11-10T12:12:24.699-05:00 DEBUG 15300 --- [biblioteca] [           main] org.hibernate.SQL                        : alter table if exists reserva add constraint FKs0btp5fbwnoq9es29m9ndwpt3 foreign key (id_libro) references libro
Hibernate: alter table if exists reserva add constraint FKs0btp5fbwnoq9es29m9ndwpt3 foreign key (id_libro) references libro
2025-11-10T12:12:24.704-05:00 DEBUG 15300 --- [biblioteca] [           main] org.hibernate.SQL                        : alter table if exists reserva add constraint FKsbrwim47vm17adpuqj3dou9au foreign key (id_usuario) references usuario
Hibernate: alter table if exists reserva add constraint FKsbrwim47vm17adpuqj3dou9au foreign key (id_usuario) references usuario
2025-11-10T12:12:24.711-05:00 DEBUG 15300 --- [biblioteca] [           main] org.hibernate.SQL                        : alter table if exists usuario add constraint FKi0eeevjprqoo17em7sk8e3fd5 foreign key (id_estado_usuario) references estado_usuario_catalogo
Hibernate: alter table if exists usuario add constraint FKi0eeevjprqoo17em7sk8e3fd5 foreign key (id_estado_usuario) references estado_usuario_catalogo
2025-11-10T12:12:24.714-05:00 DEBUG 15300 --- [biblioteca] [           main] org.hibernate.SQL                        : alter table if exists usuario add constraint FKinhc4wvcso832gjl3hq1tq3j5 foreign key (id_tipo_usuario) references tipo_usuario_catalogo
Hibernate: alter table if exists usuario add constraint FKinhc4wvcso832gjl3hq1tq3j5 foreign key (id_tipo_usuario) references tipo_usuario_catalogo
2025-11-10T12:12:24.718-05:00 DEBUG 15300 --- [biblioteca] [           main] org.hibernate.SQL                        : alter table if exists usuario_respuesta add constraint FKagdnvdrldcf2xb1bdxhmrmpw5 foreign key (id_pregunta) references pregunta_seguridad
Hibernate: alter table if exists usuario_respuesta add constraint FKagdnvdrldcf2xb1bdxhmrmpw5 foreign key (id_pregunta) references pregunta_seguridad
2025-11-10T12:12:24.722-05:00 DEBUG 15300 --- [biblioteca] [           main] org.hibernate.SQL                        : alter table if exists usuario_respuesta add constraint FKkjdaaji8cy0tnexirm0p2luxg foreign key (id_usuario) references usuario
Hibernate: alter table if exists usuario_respuesta add constraint FKkjdaaji8cy0tnexirm0p2luxg foreign key (id_usuario) references usuario
2025-11-10T12:12:24.741-05:00  INFO 15300 --- [biblioteca] [           main] j.LocalContainerEntityManagerFactoryBean : Initialized JPA EntityManagerFactory for persistence unit 'default'
2025-11-10T12:12:25.854-05:00  INFO 15300 --- [biblioteca] [           main] c.e.j.b.CategoriaRepositoryTest          : Started CategoriaRepositoryTest in 9.6 seconds (process running for 12.838)
2025-11-10T12:12:27.009-05:00 DEBUG 15300 --- [biblioteca] [           main] org.hibernate.SQL                        : insert into categoria (descripcion,nombre,id_categoria) values (?,?,default)
Hibernate: insert into categoria (descripcion,nombre,id_categoria) values (?,?,default)
]]></system-out>
  </testcase>
  <testcase name="testDuplicadoNombre" classname="co.edu.javaeriana.biblioteca.CategoriaRepositoryTest" time="0.043">
    <system-out><![CDATA[2025-11-10T12:12:27.162-05:00 DEBUG 15300 --- [biblioteca] [           main] org.hibernate.SQL                        : insert into categoria (descripcion,nombre,id_categoria) values (?,?,default)
Hibernate: insert into categoria (descripcion,nombre,id_categoria) values (?,?,default)
2025-11-10T12:12:27.172-05:00 DEBUG 15300 --- [biblioteca] [           main] org.hibernate.SQL                        : insert into categoria (descripcion,nombre,id_categoria) values (?,?,default)
Hibernate: insert into categoria (descripcion,nombre,id_categoria) values (?,?,default)
2025-11-10T12:12:27.178-05:00  WARN 15300 --- [biblioteca] [           main] o.h.engine.jdbc.spi.SqlExceptionHelper   : SQL Error: 23505, SQLState: 23505
2025-11-10T12:12:27.178-05:00 ERROR 15300 --- [biblioteca] [           main] o.h.engine.jdbc.spi.SqlExceptionHelper   : Violación de indice de Unicidad ó Clave primaria: "PUBLIC.CONSTRAINT_INDEX_3 ON PUBLIC.CATEGORIA(NOMBRE NULLS FIRST) VALUES ( /* 2 */ 'Historia' )"
Unique index or primary key violation: "PUBLIC.CONSTRAINT_INDEX_3 ON PUBLIC.CATEGORIA(NOMBRE NULLS FIRST) VALUES ( /* 2 */ 'Historia' )"; SQL statement:
insert into categoria (descripcion,nombre,id_categoria) values (?,?,default) [23505-224]
]]></system-out>
  </testcase>
  <testcase name="testBuscarPorId" classname="co.edu.javaeriana.biblioteca.CategoriaRepositoryTest" time="0.014">
    <system-out><![CDATA[2025-11-10T12:12:27.207-05:00 DEBUG 15300 --- [biblioteca] [           main] org.hibernate.SQL                        : insert into categoria (descripcion,nombre,id_categoria) values (?,?,default)
Hibernate: insert into categoria (descripcion,nombre,id_categoria) values (?,?,default)
]]></system-out>
  </testcase>
  <testcase name="testGuardarCategoria" classname="co.edu.javaeriana.biblioteca.CategoriaRepositoryTest" time="0.013">
    <system-out><![CDATA[2025-11-10T12:12:27.223-05:00 DEBUG 15300 --- [biblioteca] [           main] org.hibernate.SQL                        : insert into categoria (descripcion,nombre,id_categoria) values (?,?,default)
Hibernate: insert into categoria (descripcion,nombre,id_categoria) values (?,?,default)
2025-11-10T12:12:27.227-05:00 DEBUG 15300 --- [biblioteca] [           main] org.hibernate.SQL                        : insert into categoria (descripcion,nombre,id_categoria) values (?,?,default)
Hibernate: insert into categoria (descripcion,nombre,id_categoria) values (?,?,default)
]]></system-out>
  </testcase>
</testsuite>